{
  "RSpec": {
    "coverage": {
      "/home/adept-thread-0679/tic-tac-toe-rb-online-web-sp-000/lib/tic_tac_toe.rb": [
        null,
        1,
        null,
        null,
        null,
        null,
        null,
        null,
        null,
        null,
        null,
        1,
        24,
        24,
        24,
        24,
        24,
        null,
        null,
        1,
        23,
        null,
        null,
        1,
        22,
        null,
        null,
        1,
        25,
        null,
        null,
        1,
        23,
        null,
        null,
        1,
        20,
        20,
        20,
        20,
        19,
        19,
        null,
        1,
        null,
        null,
        null,
        null,
        1,
        21,
        21,
        189,
        31,
        null,
        null,
        21,
        null,
        null,
        1,
        20,
        20,
        14,
        6,
        6,
        null,
        null,
        null,
        1,
        53,
        379,
        null,
        null,
        null,
        1,
        138,
        null,
        null,
        1,
        23,
        null,
        null,
        1,
        21,
        null,
        null,
        1,
        7,
        33,
        4,
        null,
        29,
        2,
        null,
        null,
        null,
        null,
        1,
        12,
        12,
        5,
        4,
        null,
        1,
        null,
        7,
        3,
        null,
        null
      ]
    },
    "timestamp": 1558987625
  }
}
